2019-07-12 00:00:58 info: кухня
2019-07-12 00:01:18 info: кухня
2019-07-12 00:03:32 info: кухня
2019-07-12 00:04:44 info: кухня
2019-07-12 00:05:51 info: кухня
2019-07-12 00:06:34 info: кухня
2019-07-12 00:11:35 info: кухня
2019-07-12 00:20:37 info: кухня
2019-07-12 00:20:38 info: кухня
2019-07-12 00:20:58 info: кухня
2019-07-12 00:37:53 info: кухня
2019-07-12 01:36:34 info: undefined
2019-07-12 01:38:26 info: undefined
2019-07-12 14:29:45 error: Category validation failed: name: Path `name` is required.
2019-07-12 16:51:41 error: Post validation failed: img: Path `img` is required.
2019-07-12 16:51:41 info: undefined
2019-07-12 16:52:37 info: undefined
2019-07-12 16:53:50 info: undefined
2019-07-12 16:58:52 info: undefined
2019-07-12 17:02:08 info: undefined
2019-07-12 17:06:52 info: [object Object]
2019-07-12 17:22:07 info: [object Object]
2019-07-12 17:22:55 info: [object Object]
2019-07-12 17:24:17 info: [object Object]
2019-07-12 17:24:31 info: [object Object]
2019-07-12 17:24:47 info: [object Object]
2019-07-12 17:24:58 info: [object Object]
2019-07-12 17:25:02 info: [object Object]
2019-07-12 17:25:36 info: [object Object]
2019-07-12 17:37:02 info: [object Object]
2019-07-12 17:38:27 info: [object Object]
2019-07-12 17:38:38 info: [object Object]
2019-07-12 17:38:46 info: [object Object]
2019-07-12 17:38:51 info: [object Object]
2019-07-12 17:39:20 info: [object Object]
2019-07-12 17:39:24 info: [object Object]
2019-07-12 17:39:27 info: [object Object]
2019-07-12 17:39:43 info: [object Object]
2019-07-12 17:40:12 info: [object Object]
2019-07-12 17:40:23 info: [object Object]
2019-07-12 17:40:53 info: [object Object]
2019-07-12 17:41:05 info: [object Object]
2019-07-12 17:41:21 info: [object Object]
2019-07-12 17:41:27 info: [object Object]
2019-07-12 18:10:18 info: [object Object]
2019-07-12 18:10:32 info: [object Object]
2019-07-12 18:10:36 info: [object Object]
2019-07-12 18:10:47 info: [object Object]
2019-07-12 18:12:50 info: [object Object]
2019-07-12 18:12:56 info: [object Object]
2019-07-12 18:13:14 info: [object Object]
